>>初始化数据...
-----------------------------
>>最小二乘估计...
1. 经验分布函数值：
1 -2.67
2 -1.94
3 -1.50
4 -1.17
5 -0.90
6 -0.67
7 -0.46
8 -0.27
9 -0.09
10 0.09
11 0.28
12 0.48
13 0.70
14 1.00
数学变换后的数对图：C1-fig1
2. 应力水平 S 下 m 和 eta 的最小二乘估计结果：
应力 m B eta
6.3 eV 0.956 7.766 3375.607
6.5 eV 1.090 7.891 1388.671
7.0 eV 1.078 7.132 745.848
7.5 eV 1.588 9.117 311.421
8.0 eV 1.424 6.861 123.666
分布直线拟合结果：C1-fig2
3. 威布尔分布参数 m 的估计值：1.2273
4. 加速模型中系数 a 与 b 的估计值：31.61 -12.87
电应力和寿命特征间的关系曲线：C1-fig3
5. 正常应力水平 S_0 = 6 V 下分布参数的估计值：1.2273 5165.3851
正常应力水平下的可靠性曲线（最小二乘估计）：C1-fig4
产品的中位寿命 t(R=0.5)：3832 h
>>!!注意：如果按照《指导书》中计算精度，相关结果如下：
正常应力水平 S_0 = 6 V 下分布参数的估计值：1.2264 5208.1148
产品的中位寿命 t(R=0.5)：3863 h
-----------------------------
>>极大似然估计...
极大似然方法估计值：
m = 1.4533
a = 32.2777
b = -13.2302
eta_0 = 5283.5
产品的中位寿命 t(R=0.5)：4106 h
正常应力水平下的可靠性曲线（极大似然估计）：C1-fig5
-----------------------------
正常应力水平下的可靠性曲线（两种方式对比）：C1-fig6
-----------------------------
  DONE<<
