>>初始化数据...
失效数据图示：motor-fig0
-----------------------------
>>最小二乘估计...
1. 经验分布函数值：
2.0 V 的经验分布函数值：
1 -1.25
2 -0.37
3 0.33
2.2 V 的经验分布函数值：
1 -1.87
2 -1.09
3 -0.58
4 -0.17
5 0.23
2.3 V 的经验分布函数值：
1 -2.53
2 -1.79
3 -1.34
4 -1.00
5 -0.72
6 -0.48
7 -0.26
8 -0.05
9 0.16
10 0.38
11 0.63
2.4 V 的经验分布函数值：
1 -1.87
2 -1.09
3 -0.58
4 -0.17
5 0.23
6 0.67
2.5 V 的经验分布函数值：
1 -1.87
2 -1.09
3 -0.58
4 -0.17
5 0.23
2.6 V 的经验分布函数值：
1 -1.87
2 -1.09
3 -0.58
4 -0.17
5 0.23
6 0.67
2.7 V 的经验分布函数值：
1 -1.25
2 -0.37
3 0.33
数学变换后的数对图：motor-fig1
2. 应力水平 S 下 m 和 eta 的最小二乘估计结果：
应力 m B eta
2.0 V 0.984 4.890 143.933
2.2 V 0.922 4.689 161.688
2.3 V 1.890 7.150 43.959
2.4 V 2.268 7.361 25.692
2.5 V 1.908 6.792 35.188
2.6 V 1.310 6.088 104.308
2.7 V 0.825 2.875 32.598
分布直线拟合结果：motor-fig2
3. 威布尔分布参数 m 的估计值：1.5846
4. 加速模型中系数 a 与 b 的估计值：7.92 -4.40
电应力和寿命特征间的关系曲线：motor-fig3
5. 正常应力水平 S_0 = 6 V 下分布参数 m_0 和 eta_0 的估计值：1.5846 129.9403
正常应力水平下的可靠性曲线（最小二乘估计）：motor-fig4
产品的中位寿命 t(R=0.5)：103 min
-----------------------------
>>极大似然估计...
极大似然方法估计值：
m = 1.1089
a = 6.4078
b = -2.5330
eta_0 = 104.8
产品的中位寿命 t(R=0.5)：75 min
正常应力水平下的可靠性曲线（极大似然估计）：motor-fig5
-----------------------------
正常应力水平下的可靠性曲线（两种方式对比）：motor-fig6
-----------------------------
  DONE<<
